Building ...
... done. Elapsed 0.163695531 seconds
Watching paths: C:\Dev\Web\cljs\code\hello_world\src
Change detected, recompiling ...
Compiling src\hello_world\core.cljs
Copying file:/C:/Dev/Web/cljs/code/hello_world/src/hello_world/core.cljs to out\hello_world\core.cljs
... done. Elapsed 0.263413565 seconds
Change detected, recompiling ...
... done. Elapsed 0.117873618 seconds
Change detected, recompiling ...
Compiling src\hello_world\core.cljs
Copying file:/C:/Dev/Web/cljs/code/hello_world/src/hello_world/core.cljs to out\hello_world\core.cljs
... done. Elapsed 0.176916441 seconds
Change detected, recompiling ...
... done. Elapsed 0.318932328 seconds
Change detected, recompiling ...
Compiling src\hello_world\core.cljs
Copying file:/C:/Dev/Web/cljs/code/hello_world/src/hello_world/core.cljs to out\hello_world\core.cljs
... done. Elapsed 0.142950628 seconds
Change detected, recompiling ...
... done. Elapsed 0.102976668 seconds
